<?xml version="1.0" encoding="UTF-8"?>
<!-- Generated by org.testng.reporters.JUnitReportReporter -->
<testsuite hostname="LTIN233315" failures="0" tests="14" name="testCases.TC04_SenderDetailsTest" time="46.413" errors="0" timestamp="2024-02-12T11:26:09 IST" skipped="0">
  <testcase classname="testCases.TC04_SenderDetailsTest" name="clickOnCabsTest" time="5.586"/>
  <testcase classname="testCases.TC04_SenderDetailsTest" name="inputfromCityTest" time="1.239"/>
  <testcase classname="testCases.TC04_SenderDetailsTest" name="inputToCityTest" time="0.974"/>
  <testcase classname="testCases.TC04_SenderDetailsTest" name="inputDateTest" time="0.392"/>
  <testcase classname="testCases.TC04_SenderDetailsTest" name="inputTimeTest" time="2.067"/>
  <testcase classname="testCases.TC04_SenderDetailsTest" name="clickOnSearchTest" time="4.784"/>
  <testcase classname="testCases.TC04_SenderDetailsTest" name="selectSUVTest" time="1.569"/>
  <testcase classname="testCases.TC04_SenderDetailsTest" name="selectLowestPriceTest" time="2.231"/>
  <testcase classname="testCases.TC04_SenderDetailsTest" name="selectGiftTest" time="14.142"/>
  <testcase classname="testCases.TC04_SenderDetailsTest" name="selectWeddingCardTest" time="2.896"/>
  <testcase classname="testCases.TC04_SenderDetailsTest" name="inputSenderandrecipientsDetailsTest" time="3.063"/>
  <testcase classname="testCases.TC04_SenderDetailsTest" name="getAlertMsgTest" time="0.495"/>
  <testcase classname="testCases.TC04_SenderDetailsTest" name="goToHotelsTest" time="1.852"/>
  <testcase classname="testCases.TC04_SenderDetailsTest" name="getNumberOfPeopleTest" time="5.123"/>
</testsuite> <!-- testCases.TC04_SenderDetailsTest -->
