<?xml version="1.0" encoding="UTF-8"?>
<!-- Generated by org.testng.reporters.JUnitReportReporter -->
<testsuite hostname="LTIN233315" failures="0" tests="14" name="testCases.TC04_SenderDetailsTest" time="45.378" errors="0" timestamp="2024-02-14T15:41:12 IST" skipped="0">
  <testcase classname="testCases.TC04_SenderDetailsTest" name="clickOnCabsTest" time="7.637"/>
  <testcase classname="testCases.TC04_SenderDetailsTest" name="inputfromCityTest" time="2.068"/>
  <testcase classname="testCases.TC04_SenderDetailsTest" name="inputToCityTest" time="2.529"/>
  <testcase classname="testCases.TC04_SenderDetailsTest" name="inputDateTest" time="0.409"/>
  <testcase classname="testCases.TC04_SenderDetailsTest" name="inputTimeTest" time="1.577"/>
  <testcase classname="testCases.TC04_SenderDetailsTest" name="clickOnSearchTest" time="7.002"/>
  <testcase classname="testCases.TC04_SenderDetailsTest" name="selectSUVTest" time="0.780"/>
  <testcase classname="testCases.TC04_SenderDetailsTest" name="selectLowestPriceTest" time="2.211"/>
  <testcase classname="testCases.TC04_SenderDetailsTest" name="selectGiftTest" time="6.122"/>
  <testcase classname="testCases.TC04_SenderDetailsTest" name="selectWeddingCardTest" time="4.131"/>
  <testcase classname="testCases.TC04_SenderDetailsTest" name="inputSenderandrecipientsDetailsTest" time="3.278"/>
  <testcase classname="testCases.TC04_SenderDetailsTest" name="getAlertMsgTest" time="0.590"/>
  <testcase classname="testCases.TC04_SenderDetailsTest" name="goToHotelsTest" time="1.375"/>
  <testcase classname="testCases.TC04_SenderDetailsTest" name="getNumberOfPeopleTest" time="5.669"/>
</testsuite> <!-- testCases.TC04_SenderDetailsTest -->
