<?xml version="1.0" encoding="UTF-8"?>
<!-- Generated by org.testng.reporters.JUnitReportReporter -->
<testsuite hostname="LTIN233315" failures="0" tests="6" name="testCases.TC01_MmtHomeTest" time="12.811" errors="0" timestamp="2024-02-10T13:10:21 IST" skipped="0">
  <testcase classname="testCases.TC01_MmtHomeTest" name="clickOnCabsTest" time="5.537"/>
  <testcase classname="testCases.TC01_MmtHomeTest" name="inputfromCityTest" time="1.175"/>
  <testcase classname="testCases.TC01_MmtHomeTest" name="inputToCityTest" time="0.920"/>
  <testcase classname="testCases.TC01_MmtHomeTest" name="inputDateTest" time="0.382"/>
  <testcase classname="testCases.TC01_MmtHomeTest" name="inputTimeTest" time="1.875"/>
  <testcase classname="testCases.TC01_MmtHomeTest" name="clickOnSearchTest" time="2.922"/>
</testsuite> <!-- testCases.TC01_MmtHomeTest -->
