<?xml version="1.0" encoding="UTF-8"?>
<!-- Generated by org.testng.reporters.JUnitReportReporter -->
<testsuite hostname="LTIN233315" failures="0" tests="9" name="testCases.TC02_MmtResultPageTest" time="21.920" errors="0" timestamp="2024-02-10T13:45:57 IST" skipped="0">
  <testcase classname="testCases.TC02_MmtResultPageTest" name="clickOnCabsTest" time="5.481"/>
  <testcase classname="testCases.TC02_MmtResultPageTest" name="inputfromCityTest" time="1.291"/>
  <testcase classname="testCases.TC02_MmtResultPageTest" name="inputToCityTest" time="1.170"/>
  <testcase classname="testCases.TC02_MmtResultPageTest" name="inputDateTest" time="0.383"/>
  <testcase classname="testCases.TC02_MmtResultPageTest" name="inputTimeTest" time="1.929"/>
  <testcase classname="testCases.TC02_MmtResultPageTest" name="clickOnSearchTest" time="3.149"/>
  <testcase classname="testCases.TC02_MmtResultPageTest" name="selectSUVTest" time="3.444"/>
  <testcase classname="testCases.TC02_MmtResultPageTest" name="selectLowestPriceTest" time="2.094"/>
  <testcase classname="testCases.TC02_MmtResultPageTest" name="selectGiftTest" time="2.979"/>
</testsuite> <!-- testCases.TC02_MmtResultPageTest -->
